#! /usr/bin/vvp
:ivl_version "10.1 (stable)";
:ivl_delay_selection "TYPICAL";
:vpi_time_precision + 0;
:vpi_module "system";
:vpi_module "vhdl_sys";
:vpi_module "v2005_math";
:vpi_module "va_math";
S_0xcd1a60 .scope module, "pset00_test" "pset00_test" 2 9;
 .timescale 0 0;
    .port_info 0 /INPUT 1 "in"
    .port_info 1 /OUTPUT 1 "out"
o0xd05fc4 .functor BUFZ 1, C4<z>; HiZ drive
L_0xd2d090 .functor BUFZ 1, o0xd05fc4, C4<0>, C4<0>, C4<0>;
v0xcd1b38_0 .net "in", 0 0, o0xd05fc4;  0 drivers
v0xd2cff8_0 .net "out", 0 0, L_0xd2d090;  1 drivers
# The file index is used to find the file name in the following table.
:file_names 3;
    "N/A";
    "<interactive>";
    "pset00_test.v";
